app/build/outputs/logs/manifest-merger-debug-report.txt
-- Merging decision tree log ---
manifest
ADDED from src\main\AndroidManifest.xml:1:1-26:12
INJECTED from src\main\AndroidManifest.xml:1:1-26:12
INJECTED from src\main\AndroidManifest.xml:1:1-26:12
INJECTED from src\main\AndroidManifest.xml:1:1-26:12
INJECTED from src\main\AndroidManifest.xml:1:1-26:12
INJECTED from src\main\AndroidManifest.xml:1:1-26:12
INJECTED from src\main\AndroidManifest.xml:1:1-26:12
	package
		ADDED from src\main\AndroidManifest.xml:3:2-35
		INJECTED from src\main\AndroidManifest.xml
		INJECTED from src\main\AndroidManifest.xml
	android:versionName
		INJECTED from src\main\AndroidManifest.xml
		ADDED from src\main\AndroidManifest.xml:1:1-26:12
		INJECTED from src\main\AndroidManifest.xml
	android:versionCode
		INJECTED from src\main\AndroidManifest.xml
		ADDED from src\main\AndroidManifest.xml:1:1-26:12
		INJECTED from src\main\AndroidManifest.xml
	xmlns:android
		ADDED from src\main\AndroidManifest.xml:2:2-60
uses-permission#android.permission.VIBRATE
ADDED from src\main\AndroidManifest.xml:4:2-62
	android:name
		ADDED from src\main\AndroidManifest.xml:4:19-60
application
ADDED from src\main\AndroidManifest.xml:5:2-25:16
	android:label
		ADDED from src\main\AndroidManifest.xml:7:3-45
	android:largeHeap
		ADDED from src\main\AndroidManifest.xml:9:3-27
	android:icon
		ADDED from src\main\AndroidManifest.xml:8:3-36
	android:allowBackup
		ADDED from src\main\AndroidManifest.xml:6:3-29
	android:theme
		ADDED from src\main\AndroidManifest.xml:10:3-34
activity#com.octo.switchrecorder.MainActivity
ADDED from src\main\AndroidManifest.xml:11:3-21:14
	android:screenOrientation
		ADDED from src\main\AndroidManifest.xml:15:4-40
	android:windowSoftInputMode
		ADDED from src\main\AndroidManifest.xml:16:4-45
	android:configChanges
		ADDED from src\main\AndroidManifest.xml:13:4-50
	android:theme
		ADDED from src\main\AndroidManifest.xml:14:4-38
	android:name
		ADDED from src\main\AndroidManifest.xml:12:4-32
intent-filter#action:name:android.intent.action.MAIN+category:name:android.intent.category.LAUNCHER
ADDED from src\main\AndroidManifest.xml:17:4-20:20
action#android.intent.action.MAIN
ADDED from src\main\AndroidManifest.xml:18:5-56
	android:name
		ADDED from src\main\AndroidManifest.xml:18:13-54
category#android.intent.category.LAUNCHER
ADDED from src\main\AndroidManifest.xml:19:5-64
	android:name
		ADDED from src\main\AndroidManifest.xml:19:15-62
uses-library#org.apache.http.legacy
ADDED from src\main\AndroidManifest.xml:22:3-24:30
	android:required
		ADDED from src\main\AndroidManifest.xml:24:4-28
	android:name
		ADDED from src\main\AndroidManifest.xml:23:4-41
uses-sdk
INJECTED from src\main\AndroidManifest.xml reason: use-sdk injection requested
INJECTED from src\main\AndroidManifest.xml
INJECTED from src\main\AndroidManifest.xml
INJECTED from src\main\AndroidManifest.xml
INJECTED from src\main\AndroidManifest.xml
	android:targetSdkVersion
		INJECTED from src\main\AndroidManifest.xml
		ADDED from src\main\AndroidManifest.xml
		INJECTED from src\main\AndroidManifest.xml
	android:minSdkVersion
		INJECTED from src\main\AndroidManifest.xml
		ADDED from src\main\AndroidManifest.xml
		INJECTED from src\main\AndroidManifest.xml